<?xml version="1.0" encoding="UTF-8"?>
<!-- Generated by org.testng.reporters.JUnitReportReporter -->
<testsuite hostname="DESKTOP-824778G" failures="0" tests="3" name="TestNgTest" time="8.279" errors="0" timestamp="2024-07-23T18:47:13 IST" skipped="0">
  <testcase classname="TestNgTest" name="factoryPattern" time="4.030"/>
  <system-out/>
  <testcase classname="TestNgTest" name="pageValidation" time="2.053"/>
  <system-out/>
  <testcase classname="TestNgTest" name="testNgTestA" time="2.196"/>
  <system-out/>
</testsuite> <!-- TestNgTest -->
