<?xml version="1.0" encoding="UTF-8"?>
<!-- Generated by org.testng.reporters.JUnitReportReporter -->
<testsuite skipped="0" hostname="DESKTOP-824778G" name="TestNgTest" tests="3" failures="0" timestamp="2024-07-27T16:08:04 IST" time="6.854" errors="0">
  <testcase name="factoryPattern" time="2.023" classname="TestNgTest"/>
  <system-out/>
  <testcase name="pageValidation" time="2.814" classname="TestNgTest"/>
  <system-out/>
  <testcase name="testNgTestA" time="2.017" classname="TestNgTest"/>
  <system-out/>
</testsuite> <!-- TestNgTest -->
